<?xml version="1.0" encoding="UTF-8"?>
<!-- Generated by org.testng.reporters.JUnitReportReporter -->
<testsuite hostname="Vivek" failures="0" tests="1" name="testPackage.TC01_VerifyRegisterPage" time="30.567" errors="0" timestamp="2024-07-16T15:21:17 IST" skipped="0">
  <testcase classname="testPackage.TC01_VerifyRegisterPage" name="verifyRegisterPage" time="30.567"/>
</testsuite> <!-- testPackage.TC01_VerifyRegisterPage -->
