<?xml version="1.0" encoding="UTF-8"?>
<!-- Generated by org.testng.reporters.JUnitReportReporter -->
<testsuite hostname="DESKTOP-SHNC452" failures="0" tests="1" name="testPackage.TC01_VerifyRegisterPage" time="29.556" errors="0" timestamp="2024-07-15T16:46:18 IST" skipped="0">
  <testcase classname="testPackage.TC01_VerifyRegisterPage" name="verifyRegisterPage" time="29.556"/>
</testsuite> <!-- testPackage.TC01_VerifyRegisterPage -->
