<?xml version="1.0" encoding="UTF-8"?>
<!-- Generated by org.testng.reporters.JUnitReportReporter -->
<testsuite hostname="DESKTOP-4MF4EAG" failures="0" tests="1" name="testPackage.TC02_VerifyLoginPage" time="23.904" errors="0" timestamp="2024-07-16T17:03:51 IST" skipped="0">
  <testcase classname="testPackage.TC02_VerifyLoginPage" name="verifyLoginPage" time="23.904"/>
</testsuite> <!-- testPackage.TC02_VerifyLoginPage -->
